Arguments: 
  C:\Program Files\nodejs\node.exe C:\Users\HP\AppData\Roaming\npm\node_modules\yarn\bin\yarn.js init

PATH: 
  C:\Users\HP\bin;C:\Program Files\Git\mingw64\bin;C:\Program Files\Git\usr\local\bin;C:\Program Files\Git\usr\bin;C:\Program Files\Git\usr\bin;C:\Program Files\Git\mingw64\bin;C:\Program Files\Git\usr\bin;C:\Users\HP\bin;C:\ProgramData\Oracle\Java\javapath;%CommonProgramFiles%\Microsoft Shared\Windows Live;C:\Program Files (x86)\AMD APP\bin\x86_64;C:\Program Files (x86)\AMD APP\bin\x86;C:\Windows\system32;C:\Windows;C:\Windows\System32\Wbem;C:\Windows\System32\WindowsPowerShell\v1.0;C:\Program Files (x86)\ATI Technologies\ATI.ACE\Core-Static;C:\Program Files\Microsoft\Web Platform Installer;C:\Program Files (x86)\Microsoft ASP.NET\ASP.NET Web Pages\v1.0;C:\Program Files\Microsoft SQL Server\110\Tools\Binn;C:\Program Files (x86)\Windows Kits\8.1\Windows Performance Toolkit;C:\Program Files (x86)\Mercurial;C:\apache-maven-3.3.3\bin;C:\Program Files (x86)\MySQL\MySQL Fabric 1.5 & MySQL Utilities 1.5;C:\Program Files (x86)\MySQL\MySQL Fabric 1.5 & MySQL Utilities 1.5\Doctrine extensions for PHP;C:\Program Files (x86)\Microsoft SQL Server\110\Tools\Binn;C:\Program Files\Microsoft SQL Server\110\DTS\Binn;C:\Program Files (x86)\Microsoft SQL Server\110\Tools\Binn\ManagementStudio;C:\Program Files (x86)\Microsoft SQL Server\110\DTS\Binn;DERBY_HOME\bin;C:\Program Files (x86)\Brackets\command;C:\Program Files\Perforce;C:\Program Files\Perforce\DVCS;C:\Program Files\Java\jdk1.8.0_76\bin;C:\Program Files (x86)\Git\bin;%AppData%\npm\node_modules;C:\Program Files (x86)\Rational\common;C:\Program Files (x86)\Skype\Phone;C:\Program Files\ffmpeg\bin;C:\Program Files\nodejs;C:\Program Files\Git\cmd;C:\Program Files\Common Files\Microsoft Shared\Windows Live;C:\apache-maven-3.3.3\bin;DERBY_HOME\bin;%JAVA_HOME;C:\Program Files\Microsoft VS Code\bin;C:\Users\HP\AppData\Roaming\npm;C:\Program Files\Git\usr\bin\vendor_perl;C:\Program Files\Git\usr\bin\core_perl

Yarn version: 
  1.1.0

Node version: 
  8.5.0

Platform: 
  win32 x64

npm manifest: 
  No manifest

yarn manifest: 
  No manifest

Lockfile: 
  No lockfile

Trace: 
  Error: Can't answer a question unless a user TTY
      at ConsoleReporter.question (C:\Users\HP\AppData\Roaming\npm\node_modules\yarn\lib\cli.js:86923:59)
      at Object.<anonymous> (C:\Users\HP\AppData\Roaming\npm\node_modules\yarn\lib\cli.js:81471:38)
      at Generator.next (<anonymous>)
      at step (C:\Users\HP\AppData\Roaming\npm\node_modules\yarn\lib\cli.js:92:30)
      at C:\Users\HP\AppData\Roaming\npm\node_modules\yarn\lib\cli.js:103:13
      at <anonymous>
